d:\perso\telecom\git\industrial_app\acqseuillage\devs\libimage\x64\debug\vc143.pdb
d:\perso\telecom\git\industrial_app\acqseuillage\devs\libimage\x64\debug\vc143.idb
d:\perso\telecom\git\industrial_app\acqseuillage\devs\libimage\x64\debug\libihm.obj
d:\perso\telecom\git\industrial_app\acqseuillage\devs\libimage\x64\debug\imagendg.obj
d:\perso\telecom\git\industrial_app\acqseuillage\devs\libimage\x64\debug\imagedouble.obj
d:\perso\telecom\git\industrial_app\acqseuillage\devs\libimage\x64\debug\imagecouleur.obj
d:\perso\telecom\git\industrial_app\acqseuillage\devs\libimage\x64\debug\imageclasse.obj
c:\users\adute\downloads\exemple seuillage(2)\exemple wrapper image seuillage auto\devs\seuilauto\bin\debug\libimage.lib
c:\users\adute\downloads\exemple seuillage(2)\exemple wrapper image seuillage auto\devs\seuilauto\bin\debug\libimage.exp
c:\users\adute\desktop\ipsi3\projetc#\acqseuillage\exemple wrapper image seuillage auto\devs\seuilauto\bin\debug\libimage.lib
c:\users\adute\desktop\ipsi3\projetc#\acqseuillage\exemple wrapper image seuillage auto\devs\seuilauto\bin\debug\libimage.exp
d:\perso\telecom\3ème année\application c\acqseuillage\acqseuillage\exemple wrapper image seuillage auto\devs\seuilauto\bin\debug\libimage.lib
d:\perso\telecom\3ème année\application c\acqseuillage\acqseuillage\exemple wrapper image seuillage auto\devs\seuilauto\bin\debug\libimage.exp
d:\perso\telecom\3ème année\application c\acqseuillage\devs\seuilauto\bin\debug\libimage.lib
d:\perso\telecom\3ème année\application c\acqseuillage\devs\seuilauto\bin\debug\libimage.exp
d:\perso\telecom\git\industrial_app\acqseuillage\devs\seuilauto\bin\debug\libimage.dll
d:\perso\telecom\git\industrial_app\acqseuillage\devs\libimage\x64\debug\libimage.ilk
d:\perso\telecom\git\industrial_app\acqseuillage\devs\seuilauto\bin\debug\libimage.pdb
d:\perso\telecom\git\industrial_app\acqseuillage\devs\seuilauto\bin\debug\libimage.lib
d:\perso\telecom\git\industrial_app\acqseuillage\devs\seuilauto\bin\debug\libimage.exp
c:\users\adute\desktop\ipsi3\smartindustries\projetc#\industrial_app\acqseuillage\devs\libimage\x64\debug\imageclasse.obj
c:\users\adute\desktop\ipsi3\smartindustries\projetc#\industrial_app\acqseuillage\devs\libimage\x64\debug\imagecouleur.obj
c:\users\adute\desktop\ipsi3\smartindustries\projetc#\industrial_app\acqseuillage\devs\libimage\x64\debug\imagedouble.obj
c:\users\adute\desktop\ipsi3\smartindustries\projetc#\industrial_app\acqseuillage\devs\libimage\x64\debug\imagendg.obj
c:\users\adute\desktop\ipsi3\smartindustries\projetc#\industrial_app\acqseuillage\devs\libimage\x64\debug\libihm.obj
c:\users\adute\desktop\ipsi3\smartindustries\projetc#\industrial_app\acqseuillage\devs\libimage\x64\debug\libimage.ilk
c:\users\adute\desktop\ipsi3\smartindustries\projetc#\industrial_app\acqseuillage\devs\libimage\x64\debug\vc143.idb
c:\users\adute\desktop\ipsi3\smartindustries\projetc#\industrial_app\acqseuillage\devs\libimage\x64\debug\vc143.pdb
c:\users\adute\desktop\ipsi3\smartindustries\projetc#\industrial_app\acqseuillage\devs\seuilauto\bin\debug\libimage.dll
c:\users\adute\desktop\ipsi3\smartindustries\projetc#\industrial_app\acqseuillage\devs\libimage\x64\debug\libimage.tlog\cl.command.1.tlog
c:\users\adute\desktop\ipsi3\smartindustries\projetc#\industrial_app\acqseuillage\devs\libimage\x64\debug\libimage.tlog\cl.items.tlog
c:\users\adute\desktop\ipsi3\smartindustries\projetc#\industrial_app\acqseuillage\devs\libimage\x64\debug\libimage.tlog\cl.read.1.tlog
c:\users\adute\desktop\ipsi3\smartindustries\projetc#\industrial_app\acqseuillage\devs\libimage\x64\debug\libimage.tlog\cl.write.1.tlog
c:\users\adute\desktop\ipsi3\smartindustries\projetc#\industrial_app\acqseuillage\devs\libimage\x64\debug\libimage.tlog\link.command.1.tlog
c:\users\adute\desktop\ipsi3\smartindustries\projetc#\industrial_app\acqseuillage\devs\libimage\x64\debug\libimage.tlog\link.read.1.tlog
c:\users\adute\desktop\ipsi3\smartindustries\projetc#\industrial_app\acqseuillage\devs\libimage\x64\debug\libimage.tlog\link.write.1.tlog
c:\users\adute\desktop\ipsi3\smartindustries\projetc#\industrial_app\acqseuillage\devs\libimage\x64\debug\libimage.tlog\link.write.2u.tlog
