c:\users\adute\desktop\ipsi3\smartindustries\projetc#\industrial_app\c#_part\vista\libimage\x64\debug\vc143.pdb
c:\users\adute\desktop\ipsi3\smartindustries\projetc#\industrial_app\c#_part\vista\libimage\x64\debug\vc143.idb
c:\users\adute\desktop\ipsi3\smartindustries\projetc#\industrial_app\c#_part\vista\libimage\x64\debug\libihm.obj
c:\users\adute\desktop\ipsi3\smartindustries\projetc#\industrial_app\c#_part\vista\libimage\x64\debug\imagendg.obj
c:\users\adute\desktop\ipsi3\smartindustries\projetc#\industrial_app\c#_part\vista\libimage\x64\debug\imagedouble.obj
c:\users\adute\desktop\ipsi3\smartindustries\projetc#\industrial_app\c#_part\vista\libimage\x64\debug\imagecouleur.obj
c:\users\adute\desktop\ipsi3\smartindustries\projetc#\industrial_app\c#_part\vista\libimage\x64\debug\imageclasse.obj
c:\users\adute\desktop\ipsi3\smartindustries\projetc#\industrial_app\c#_part\vista\libimage\x64\debug\libimage.ilk
c:\users\adute\desktop\ipsi3\smartindustries\projetc#\industrial_app\c#_part\vista\pc1\bin\debug\libimage.dll
c:\users\adute\desktop\ipsi3\smartindustries\projetc#\industrial_app\c#_part\vista\pc1\bin\debug\libimage.pdb
c:\users\adute\desktop\ipsi3\smartindustries\projetc#\industrial_app\c#_part\vista\pc1\bin\debug\libimage.lib
c:\users\adute\desktop\ipsi3\smartindustries\projetc#\industrial_app\c#_part\vista\pc1\bin\debug\libimage.exp
c:\users\adute\desktop\ipsi3\smartindustries\projetc#\industrial_app\c#_part\vista\libimage\x64\debug\libimage.tlog\cl.command.1.tlog
c:\users\adute\desktop\ipsi3\smartindustries\projetc#\industrial_app\c#_part\vista\libimage\x64\debug\libimage.tlog\cl.items.tlog
c:\users\adute\desktop\ipsi3\smartindustries\projetc#\industrial_app\c#_part\vista\libimage\x64\debug\libimage.tlog\cl.read.1.tlog
c:\users\adute\desktop\ipsi3\smartindustries\projetc#\industrial_app\c#_part\vista\libimage\x64\debug\libimage.tlog\cl.write.1.tlog
c:\users\adute\desktop\ipsi3\smartindustries\projetc#\industrial_app\c#_part\vista\libimage\x64\debug\libimage.tlog\link.command.1.tlog
c:\users\adute\desktop\ipsi3\smartindustries\projetc#\industrial_app\c#_part\vista\libimage\x64\debug\libimage.tlog\link.read.1.tlog
c:\users\adute\desktop\ipsi3\smartindustries\projetc#\industrial_app\c#_part\vista\libimage\x64\debug\libimage.tlog\link.write.1.tlog
c:\users\adute\desktop\ipsi3\smartindustries\projetc#\industrial_app\c#_part\vista\libimage\x64\debug\libimage.tlog\link.write.2u.tlog
